<?xml version="1.0" encoding="UTF-8"?>
<beans xmlns="http://www.springframework.org/schema/beans"
	xmlns:xsi="http://www.w3.org/2001/XMLSchema-instance"
	xmlns:util="http://www.springframework.org/schema/util"
	xmlns:context="http://www.springframework.org/schema/context"
	xmlns:spring="http://camel.apache.org/schema/spring"
	xsi:schemaLocation="http://www.springframework.org/schema/beans http://www.springframework.org/schema/beans/spring-beans.xsd
		http://www.springframework.org/schema/util http://www.springframework.org/schema/util/spring-util-3.2.xsd
		http://camel.apache.org/schema/spring http://camel.apache.org/schema/spring/camel-spring-2.0-M1.xsd
		http://www.springframework.org/schema/context http://www.springframework.org/schema/context/spring-context-3.2.xsd">
	
	<import resource="classpath*:/META-INF/spring/camel-context.xml" />

	<bean id="bridgePropertyPlaceholder"
          class="org.apache.camel.spring.spi.BridgePropertyPlaceholderConfigurer">
        <property name="locations">
            <list>
                <value>test.properties</value>             
            </list>
        </property>
    </bean>

</beans>
